{
  "RSpec": {
    "coverage": {
      "/Users/richtx214/Projects/oso/app/controllers/airlines_controller.rb": [
        1,
        1,
        null,
        null,
        null,
        null,
        1,
        0,
        null,
        null,
        1,
        0,
        null,
        null,
        1,
        0,
        0,
        0,
        0,
        null,
        0,
        0,
        null,
        null,
        null,
        1,
        null,
        null,
        1,
        null,
        null,
        1,
        0,
        0,
        0,
        null,
        0,
        0,
        null,
        null,
        null,
        1,
        0,
        0,
        0,
        null,
        null,
        1,
        1,
        0,
        null,
        0,
        0,
        null,
        null,
        null
      ],
      "/Users/richtx214/Projects/oso/app/controllers/application_controller.rb": [
        1,
        1,
        null
      ],
      "/Users/richtx214/Projects/oso/app/helpers/application_helper.rb": [
        1,
        1,
        1,
        1,
        1,
        null,
        null,
        null,
        null
      ],
      "/Users/richtx214/Projects/oso/app/helpers/airlines_helper.rb": [
        1,
        null
      ],
      "/Users/richtx214/Projects/oso/app/helpers/flights_helper.rb": [
        1,
        null
      ],
      "/Users/richtx214/Projects/oso/app/helpers/itineraries_helper.rb": [
        1,
        null
      ],
      "/Users/richtx214/Projects/oso/app/helpers/travelers_helper.rb": [
        1,
        null
      ],
      "/Users/richtx214/Projects/oso/app/models/airline.rb": [
        1,
        null,
        1,
        1,
        null,
        null
      ],
      "/Users/richtx214/Projects/oso/app/controllers/flights_controller.rb": [
        1,
        null,
        1,
        null,
        1,
        0,
        null,
        null,
        1,
        0,
        null,
        null,
        1,
        1,
        0,
        null,
        null,
        null
      ],
      "/Users/richtx214/Projects/oso/app/models/flight.rb": [
        1,
        1,
        null,
        1,
        null
      ],
      "/Users/richtx214/Projects/oso/app/controllers/itineraries_controller.rb": [
        1,
        1,
        null,
        null,
        null,
        null,
        1,
        1,
        null,
        null,
        1,
        1,
        1,
        null,
        null,
        1,
        1,
        1,
        1,
        1,
        null,
        0,
        0,
        null,
        null,
        null,
        1,
        null,
        null,
        null,
        1,
        null,
        null,
        null,
        1,
        null,
        0,
        0,
        0,
        null,
        0,
        0,
        null,
        null,
        null,
        1,
        null,
        0,
        0,
        0,
        null,
        null,
        1,
        1,
        1,
        null,
        0,
        0,
        null,
        null
      ],
      "/Users/richtx214/Projects/oso/app/models/itinerary.rb": [
        1,
        1,
        1,
        1,
        null,
        1,
        null,
        1,
        null
      ],
      "/Users/richtx214/Projects/oso/app/controllers/travelers_controller.rb": [
        1,
        1,
        null,
        null,
        1,
        0,
        null,
        null,
        1,
        0,
        null,
        null,
        1,
        0,
        0,
        0,
        0,
        null,
        0,
        0,
        null,
        null,
        null,
        1,
        null,
        null,
        1,
        null,
        null,
        1,
        0,
        0,
        0,
        null,
        0,
        0,
        null,
        null,
        null,
        1,
        1,
        0,
        null,
        null,
        null
      ],
      "/Users/richtx214/Projects/oso/app/models/traveler.rb": [
        1,
        1,
        1,
        1,
        null,
        1,
        null,
        null,
        1,
        null,
        null,
        null
      ]
    },
    "timestamp": 1363911188
  }
}
