{
  "RSpec": {
    "coverage": {
      "/home/jayml/rails/oso/app/models/user.rb": [
        1,
        null,
        null,
        null,
        1,
        null,
        null,
        null,
        1,
        null,
        null,
        1,
        null,
        1,
        null,
        null,
        null
      ],
      "/home/jayml/rails/oso/app/controllers/application_controller.rb": [
        1,
        1,
        null
      ],
      "/home/jayml/rails/oso/app/helpers/application_helper.rb": [
        1,
        1,
        7,
        7,
        7,
        null,
        null,
        null,
        null
      ],
      "/home/jayml/rails/oso/app/helpers/airlines_helper.rb": [
        1,
        null
      ],
      "/home/jayml/rails/oso/app/helpers/itineraries_helper.rb": [
        1,
        null
      ],
      "/home/jayml/rails/oso/app/helpers/users_helper.rb": [
        1,
        null
      ],
      "/home/jayml/rails/oso/app/controllers/airlines_controller.rb": [
        1,
        null,
        1,
        null,
        null,
        1,
        2,
        null,
        null,
        1,
        2,
        2,
        1,
        1,
        null,
        1,
        1,
        null,
        null,
        null,
        1,
        1,
        null,
        null,
        null
      ],
      "/home/jayml/rails/oso/app/models/airline.rb": [
        1,
        null,
        1,
        1,
        null,
        null
      ],
      "/home/jayml/rails/oso/app/controllers/itineraries_controller.rb": [
        1,
        1,
        null,
        null,
        null,
        null,
        1,
        8,
        null,
        null,
        1,
        2,
        null,
        null,
        1,
        2,
        2,
        1,
        1,
        null,
        1,
        1,
        null,
        null,
        null,
        1,
        null,
        null,
        null,
        1,
        null,
        null,
        null,
        1,
        null,
        2,
        1,
        1,
        null,
        1,
        1,
        null,
        null,
        null,
        1,
        null,
        1,
        1,
        1,
        null,
        null,
        1,
        1,
        12,
        null,
        1,
        1,
        null,
        null
      ],
      "/home/jayml/rails/oso/app/models/itinerary.rb": [
        1,
        1,
        1,
        null,
        1,
        null
      ],
      "/home/jayml/rails/oso/app/controllers/users_controller.rb": [
        1,
        1,
        null,
        1,
        null,
        null,
        null,
        null,
        null,
        1,
        7,
        null,
        null,
        1,
        2,
        null,
        null,
        null,
        1,
        0,
        0,
        0,
        0,
        null,
        0,
        0,
        null,
        null,
        null,
        1,
        2,
        null,
        null,
        1,
        null,
        null,
        1,
        0,
        0,
        0,
        null,
        0,
        0,
        null,
        null,
        null,
        1,
        0,
        0,
        0,
        null,
        null,
        1,
        null,
        1,
        0,
        null,
        null,
        null
      ]
    },
    "timestamp": 1363715534
  }
}
